[    0.000000] Initializing cgroup subsys cpuset
[    0.000000] Initializing cgroup subsys cpu
[    0.000000] Initializing cgroup subsys cpuacct
[    0.000000] Linux version 4.4.0-97-generic (buildd@lcy01-33) (gcc version 5.4.0 20160609 (Ubuntu 5.4.0-6ubuntu1~16.04.4) ) #120-Ubuntu SMP Tue Sep 19 17:28:18 UTC 2017 (Ubuntu 4.4.0-97.120-generic 4.4.87)
[    0.000000] Command line: BOOT_IMAGE=/boot/vmlinuz-4.4.0-97-generic root=LABEL=cloudimg-rootfs ro console=tty1 console=ttyS0
[    0.000000] KERNEL supported cpus:
[    0.000000]   Intel GenuineIntel
[    0.000000]   AMD AuthenticAMD
[    0.000000]   Centaur CentaurHauls
[    0.000000] x86/fpu: xstate_offset[2]:  576, xstate_sizes[2]:  256
[    0.000000] x86/fpu: Supporting XSAVE feature 0x01: 'x87 floating point registers'
[    0.000000] x86/fpu: Supporting XSAVE feature 0x02: 'SSE registers'
[    0.000000] x86/fpu: Supporting XSAVE feature 0x04: 'AVX registers'
[    0.000000] x86/fpu: Enabled xstate features 0x7, context size is 832 bytes, using 'standard' format.
[    0.000000] x86/fpu: Using 'lazy' FPU context switches.
[    0.000000] e820: BIOS-provided physical RAM map:
[    0.000000] BIOS-e820: [mem 0x0000000000000000-0x000000000009fbff] usable
[    0.000000] BIOS-e820: [mem 0x000000000009fc00-0x000000000009ffff] reserved
[    0.000000] BIOS-e820: [mem 0x00000000000f0000-0x00000000000fffff] reserved
[    0.000000] BIOS-e820: [mem 0x0000000000100000-0x00000000dffeffff] usable
[    0.000000] BIOS-e820: [mem 0x00000000dfff0000-0x00000000dfffffff] ACPI data
[    0.000000] BIOS-e820: [mem 0x00000000fec00000-0x00000000fec00fff] reserved
[    0.000000] BIOS-e820: [mem 0x00000000fee00000-0x00000000fee00fff] reserved
[    0.000000] BIOS-e820: [mem 0x00000000fffc0000-0x00000000ffffffff] reserved
[    0.000000] BIOS-e820: [mem 0x0000000100000000-0x000000011fffffff] usable
[    0.000000] NX (Execute Disable) protection: active
[    0.000000] SMBIOS 2.5 present.
[    0.000000] Hypervisor detected: KVM
[    0.000000] e820: last_pfn = 0x120000 max_arch_pfn = 0x400000000
[    0.000000] MTRR: Disabled
[    0.000000] x86/PAT: MTRRs disabled, skipping PAT initialization too.
[    0.000000] CPU MTRRs all blank - virtualized system.
[    0.000000] x86/PAT: Configuration [0-7]: WB  WT  UC- UC  WB  WT  UC- UC  
[    0.000000] e820: last_pfn = 0xdfff0 max_arch_pfn = 0x400000000
[    0.000000] found SMP MP-table at [mem 0x0009fff0-0x0009ffff] mapped at [ffff88000009fff0]
[    0.000000] Scanning 1 areas for low memory corruption
[    0.000000] RAMDISK: [mem 0x36abc000-0x37555fff]
[    0.000000] ACPI: Early table checksum verification disabled
[    0.000000] ACPI: RSDP 0x00000000000E0000 000024 (v02 VBOX  )
[    0.000000] ACPI: XSDT 0x00000000DFFF0030 00003C (v01 VBOX   VBOXXSDT 00000001 ASL  00000061)
[    0.000000] ACPI: FACP 0x00000000DFFF00F0 0000F4 (v04 VBOX   VBOXFACP 00000001 ASL  00000061)
[    0.000000] ACPI: DSDT 0x00000000DFFF0470 0021FF (v02 VBOX   VBOXBIOS 00000002 INTL 20100528)
[    0.000000] ACPI: FACS 0x00000000DFFF0200 000040
[    0.000000] ACPI: FACS 0x00000000DFFF0200 000040
[    0.000000] ACPI: APIC 0x00000000DFFF0240 00005C (v02 VBOX   VBOXAPIC 00000001 ASL  00000061)
[    0.000000] ACPI: SSDT 0x00000000DFFF02A0 0001CC (v01 VBOX   VBOXCPUT 00000002 INTL 20100528)
[    0.000000] No NUMA configuration found
[    0.000000] Faking a node at [mem 0x0000000000000000-0x000000011fffffff]
[    0.000000] NODE_DATA(0) allocated [mem 0x11fff7000-0x11fffbfff]
[    0.000000] kvm-clock: Using msrs 4b564d01 and 4b564d00
[    0.000000] kvm-clock: cpu 0, msr 1:1ffef001, primary cpu clock
[    0.000000] kvm-clock: using sched offset of 4092833363 cycles
[    0.000000] clocksource: kvm-clock: mask: 0xffffffffffffffff max_cycles: 0x1cd42e4dffb, max_idle_ns: 881590591483 ns
[    0.000000] Zone ranges:
[    0.000000]   DMA      [mem 0x0000000000001000-0x0000000000ffffff]
[    0.000000]   DMA32    [mem 0x0000000001000000-0x00000000ffffffff]
[    0.000000]   Normal   [mem 0x0000000100000000-0x000000011fffffff]
[    0.000000]   Device   empty
[    0.000000] Movable zone start for each node
[    0.000000] Early memory node ranges
[    0.000000]   node   0: [mem 0x0000000000001000-0x000000000009efff]
[    0.000000]   node   0: [mem 0x0000000000100000-0x00000000dffeffff]
[    0.000000]   node   0: [mem 0x0000000100000000-0x000000011fffffff]
[    0.000000] Initmem setup node 0 [mem 0x0000000000001000-0x000000011fffffff]
[    0.000000] ACPI: PM-Timer IO Port: 0x4008
[    0.000000] IOAPIC[0]: apic_id 2, version 32, address 0xfec00000, GSI 0-23
[    0.000000] ACPI: INT_SRC_OVR (bus 0 bus_irq 0 global_irq 2 dfl dfl)
[    0.000000] ACPI: INT_SRC_OVR (bus 0 bus_irq 9 global_irq 9 high level)
[    0.000000] Using ACPI (MADT) for SMP configuration information
[    0.000000] smpboot: Allowing 2 CPUs, 0 hotplug CPUs
[    0.000000] PM: Registered nosave memory: [mem 0x00000000-0x00000fff]
[    0.000000] PM: Registered nosave memory: [mem 0x0009f000-0x0009ffff]
[    0.000000] PM: Registered nosave memory: [mem 0x000a0000-0x000effff]
[    0.000000] PM: Registered nosave memory: [mem 0x000f0000-0x000fffff]
[    0.000000] PM: Registered nosave memory: [mem 0xdfff0000-0xdfffffff]
[    0.000000] PM: Registered nosave memory: [mem 0xe0000000-0xfebfffff]
[    0.000000] PM: Registered nosave memory: [mem 0xfec00000-0xfec00fff]
[    0.000000] PM: Registered nosave memory: [mem 0xfec01000-0xfedfffff]
[    0.000000] PM: Registered nosave memory: [mem 0xfee00000-0xfee00fff]
[    0.000000] PM: Registered nosave memory: [mem 0xfee01000-0xfffbffff]
[    0.000000] PM: Registered nosave memory: [mem 0xfffc0000-0xffffffff]
[    0.000000] e820: [mem 0xe0000000-0xfebfffff] available for PCI devices
[    0.000000] Booting paravirtualized kernel on KVM
[    0.000000] clocksource: refined-jiffies: mask: 0xffffffff max_cycles: 0xffffffff, max_idle_ns: 7645519600211568 ns
[    0.000000] setup_percpu: NR_CPUS:512 nr_cpumask_bits:512 nr_cpu_ids:2 nr_node_ids:1
[    0.000000] PERCPU: Embedded 34 pages/cpu @ffff88011fc00000 s98328 r8192 d32744 u1048576
[    0.000000] PV qspinlock hash table entries: 256 (order: 0, 4096 bytes)
[    0.000000] Built 1 zonelists in Node order, mobility grouping on.  Total pages: 1032057
[    0.000000] Policy zone: Normal
[    0.000000] Kernel command line: BOOT_IMAGE=/boot/vmlinuz-4.4.0-97-generic root=LABEL=cloudimg-rootfs ro console=tty1 console=ttyS0
[    0.000000] PID hash table entries: 4096 (order: 3, 32768 bytes)
[    0.000000] Memory: 4032220K/4193848K available (8480K kernel code, 1294K rwdata, 3984K rodata, 1492K init, 1316K bss, 161628K reserved, 0K cma-reserved)
[    0.000000] SLUB: HWalign=64, Order=0-3, MinObjects=0, CPUs=2, Nodes=1
[    0.000000] Hierarchical RCU implementation.
[    0.000000] 	Build-time adjustment of leaf fanout to 64.
[    0.000000] 	RCU restricting CPUs from NR_CPUS=512 to nr_cpu_ids=2.
[    0.000000] RCU: Adjusting geometry for rcu_fanout_leaf=64, nr_cpu_ids=2
[    0.000000] NR_IRQS:33024 nr_irqs:440 16
[    0.000000] Console: colour VGA+ 80x25
[    0.000000] console [tty1] enabled
[    0.000000] console [ttyS0] enabled
[    0.000000] tsc: Detected 3192.606 MHz processor
[   17.645965] Calibrating delay loop (skipped) preset value.. 6385.21 BogoMIPS (lpj=12770424)
[   17.935124] pid_max: default: 32768 minimum: 301
[   18.139171] ACPI: Core revision 20150930
[   18.255190] ACPI: 2 ACPI AML tables successfully acquired and loaded
[   18.443738] Security Framework initialized
[   18.540581] Yama: becoming mindful.
[   18.572372] AppArmor: AppArmor initialized
[   18.645516] Dentry cache hash table entries: 524288 (order: 10, 4194304 bytes)
[   18.877362] Inode-cache hash table entries: 262144 (order: 9, 2097152 bytes)
[   19.096843] Mount-cache hash table entries: 8192 (order: 4, 65536 bytes)
[   19.281718] Mountpoint-cache hash table entries: 8192 (order: 4, 65536 bytes)
[   19.495101] Initializing cgroup subsys io
[   19.511203] Initializing cgroup subsys memory
[   19.583631] Initializing cgroup subsys devices
[   19.587474] Initializing cgroup subsys freezer
[   19.590154] Initializing cgroup subsys net_cls
[   19.602980] Initializing cgroup subsys perf_event
[   19.613054] Initializing cgroup subsys net_prio
[   19.615361] Initializing cgroup subsys hugetlb
[   19.626973] Initializing cgroup subsys pids
[   19.629342] CPU: Physical Processor ID: 0
[   19.720945] CPU: Processor Core ID: 0
[   19.811669] mce: CPU supports 0 MCE banks
[   19.936597] Last level iTLB entries: 4KB 1024, 2MB 1024, 4MB 1024
[   20.048946] Last level dTLB entries: 4KB 1024, 2MB 1024, 4MB 1024, 1GB 4
[   20.328639] Freeing SMP alternatives memory: 32K
[   20.469824] ftrace: allocating 32148 entries in 126 pages
[   20.667275] smpboot: APIC(0) Converting physical 0 to logical package 0
[   20.723964] smpboot: Max logical packages: 1
[   20.725014] x2apic enabled
[   20.725768] Switched APIC routing to physical x2apic.
[   20.752229] ..TIMER: vector=0x30 apic1=0 pin1=2 apic2=-1 pin2=-1
[   21.042349] APIC calibration not consistent with PM-Timer: 176ms instead of 100ms
[   21.255153] APIC delta adjusted to PM-Timer: 6250015 (11000394)
[   21.295830] smpboot: CPU0: Intel(R) Core(TM) i5-4460  CPU @ 3.20GHz (family: 0x6, model: 0x3c, stepping: 0x3)
[   21.500361] Performance Events: unsupported p6 CPU model 60 no PMU driver, software events only.
[   21.764099] KVM setup paravirtual spinlock
[   21.789683] x86: Booting SMP configuration:
[   21.913061] .... node  #0, CPUs:      #1
[   21.996348] kvm-clock: cpu 1, msr 1:1ffef041, secondary cpu clock
[   22.045829] mce: CPU supports 0 MCE banks
[   22.103873] x86: Booted up 1 node, 2 CPUs
[   22.187454] smpboot: Total of 2 processors activated (12770.42 BogoMIPS)
[   22.215018] devtmpfs: initialized
[   22.230824] evm: security.selinux
[   22.317261] evm: security.SMACK64
[   22.401819] evm: security.SMACK64EXEC
[   22.496661] evm: security.SMACK64TRANSMUTE
[   22.510218] evm: security.SMACK64MMAP
[   22.532843] evm: security.ima
[   22.546670] evm: security.capability
[   22.605055] clocksource: jiffies: mask: 0xffffffff max_cycles: 0xffffffff, max_idle_ns: 7645041785100000 ns
[   22.628758] futex hash table entries: 512 (order: 3, 32768 bytes)
[   22.629961] pinctrl core: initialized pinctrl subsystem
[   22.700082] RTC time:  7:07:41, date: 12/21/17
[   22.734968] NET: Registered protocol family 16
[   22.828051] cpuidle: using governor ladder
[   22.852077] cpuidle: using governor menu
[   22.865257] PCCT header not found.
[   22.865985] ACPI: bus type PCI registered
[   22.869618] acpiphp: ACPI Hot Plug PCI Controller Driver version: 0.5
[   22.874505] PCI: Using configuration type 1 for base access
[   22.888634] ACPI: Added _OSI(Module Device)
[   22.930171] ACPI: Added _OSI(Processor Device)
[   22.932799] ACPI: Added _OSI(3.0 _SCP Extensions)
[   22.948741] ACPI: Added _OSI(Processor Aggregator Device)
[   23.053768] ACPI: Executed 1 blocks of module-level executable AML code
[   23.166289] ACPI: Interpreter enabled
[   23.260867] ACPI: (supports S0 S5)
[   23.340577] ACPI: Using IOAPIC for interrupt routing
[   23.341744] PCI: Using host bridge windows from ACPI; if necessary, use "pci=nocrs" and report a bug
[   23.484375] ACPI: PCI Root Bridge [PCI0] (domain 0000 [bus 00-ff])
[   23.540212] acpi PNP0A03:00: _OSC: OS supports [ASPM ClockPM Segments MSI]
[   23.582695] acpi PNP0A03:00: _OSC: not requesting OS control; OS requires [ExtendedConfig ASPM ClockPM MSI]
[   23.776055] acpi PNP0A03:00: fail to add MMCONFIG information, can't access extended PCI configuration space under this bridge.
[   23.857659] PCI host bridge to bus 0000:00
[   23.864791] pci_bus 0000:00: root bus resource [io  0x0000-0x0cf7 window]
[   23.895416] pci_bus 0000:00: root bus resource [io  0x0d00-0xffff window]
[   23.956700] pci_bus 0000:00: root bus resource [mem 0x000a0000-0x000bffff window]
[   23.957981] pci_bus 0000:00: root bus resource [mem 0xe0000000-0xffdfffff window]
[   23.959247] pci_bus 0000:00: root bus resource [bus 00-ff]
[   23.961656] pci 0000:00:01.1: legacy IDE quirk: reg 0x10: [io  0x01f0-0x01f7]
[   23.966729] pci 0000:00:01.1: legacy IDE quirk: reg 0x14: [io  0x03f6]
[   23.969167] pci 0000:00:01.1: legacy IDE quirk: reg 0x18: [io  0x0170-0x0177]
[   23.970215] pci 0000:00:01.1: legacy IDE quirk: reg 0x1c: [io  0x0376]
[   24.043489] pci 0000:00:07.0: quirk: [io  0x4000-0x403f] claimed by PIIX4 ACPI
[   24.080145] pci 0000:00:07.0: quirk: [io  0x4100-0x410f] claimed by PIIX4 SMB
[   24.194841] ACPI: PCI Interrupt Link [LNKA] (IRQs 5 9 10 *11)
[   24.226582] ACPI: PCI Interrupt Link [LNKB] (IRQs 5 9 10 *11)
[   24.235776] ACPI: PCI Interrupt Link [LNKC] (IRQs 5 9 *10 11)
[   24.237110] ACPI: PCI Interrupt Link [LNKD] (IRQs 5 *9 10 11)
[   24.270051] ACPI: Enabled 2 GPEs in block 00 to 07
[   24.300241] vgaarb: setting as boot device: PCI:0000:00:02.0
[   24.460747] vgaarb: device added: PCI:0000:00:02.0,decodes=io+mem,owns=io+mem,locks=none
[   24.605081] vgaarb: loaded
[   24.695950] vgaarb: bridge control possible 0000:00:02.0
[   24.734984] SCSI subsystem initialized
[   24.779538] ACPI: bus type USB registered
[   24.785527] usbcore: registered new interface driver usbfs
[   24.804701] usbcore: registered new interface driver hub
[   24.812241] usbcore: registered new device driver usb
[   24.818358] PCI: Using ACPI for IRQ routing
[   24.880008] NetLabel: Initializing
[   24.900176] NetLabel:  domain hash size = 128
[   24.900899] NetLabel:  protocols = UNLABELED CIPSOv4
[   24.904521] NetLabel:  unlabeled traffic allowed by default
[   24.925292] amd_nb: Cannot enumerate AMD northbridges
[   24.998468] clocksource: Switched to clocksource kvm-clock
[   25.023881] AppArmor: AppArmor Filesystem Enabled
[   25.084094] pnp: PnP ACPI init
[   25.115913] pnp: PnP ACPI: found 3 devices
[   25.189276] clocksource: acpi_pm: mask: 0xffffff max_cycles: 0xffffff, max_idle_ns: 2085701024 ns
[   25.196974] NET: Registered protocol family 2
[   25.203546] TCP established hash table entries: 32768 (order: 6, 262144 bytes)
[   25.219608] TCP bind hash table entries: 32768 (order: 7, 524288 bytes)
[   25.307444] TCP: Hash tables configured (established 32768 bind 32768)
[   25.333428] UDP hash table entries: 2048 (order: 4, 65536 bytes)
[   25.334352] UDP-Lite hash table entries: 2048 (order: 4, 65536 bytes)
[   25.537132] NET: Registered protocol family 1
[   25.547384] pci 0000:00:00.0: Limiting direct PCI/PCI transfers
[   25.610338] pci 0000:00:01.0: Activating ISA DMA hang workarounds
[   25.611552] Unpacking initramfs...
[   28.773023] Freeing initrd memory: 10856K
[   28.773936] PCI-DMA: Using software bounce buffering for IO (SWIOTLB)
[   28.792568] software IO TLB [mem 0xdbff0000-0xdfff0000] (64MB) mapped at [ffff8800dbff0000-ffff8800dffeffff]
[   28.804040] RAPL PMU detected, API unit is 2^-32 Joules, 4 fixed counters 10737418240 ms ovfl timer
[   28.843625] hw unit of domain pp0-core 2^-0 Joules
[   28.844406] hw unit of domain package 2^-0 Joules
[   28.845185] hw unit of domain dram 2^-0 Joules
[   28.848414] hw unit of domain pp1-gpu 2^-0 Joules
[   28.849314] platform rtc_cmos: registered platform RTC device (no PNP device found)
[   28.860095] Scanning for low memory corruption every 60 seconds
[   28.927854] audit: initializing netlink subsys (disabled)
[   28.934519] audit: type=2000 audit(1513840049.367:1): initialized
[   28.941756] Initialise system trusted keyring
[   28.950043] HugeTLB registered 2 MB page size, pre-allocated 0 pages
[   28.953308] zbud: loaded
[   28.956836] VFS: Disk quotas dquot_6.6.0
[   29.022814] VFS: Dquot-cache hash table entries: 512 (order 0, 4096 bytes)
[   29.127758] squashfs: version 4.0 (2009/01/31) Phillip Lougher
[   29.129067] fuse init (API version 7.23)
[   29.166681] Key type big_key registered
[   29.228512] Allocating IMA MOK and blacklist keyrings.
[   29.267139] Key type asymmetric registered
[   29.334107] Asymmetric key parser 'x509' registered
[   29.343042] Block layer SCSI generic (bsg) driver version 0.4 loaded (major 249)
[   29.359493] io scheduler noop registered
[   29.360185] io scheduler deadline registered (default)
[   29.370117] io scheduler cfq registered
[   29.370966] pci_hotplug: PCI Hot Plug PCI Core version: 0.5
[   29.433914] pciehp: PCI Express Hot Plug Controller Driver version: 0.4
[   29.448933] ACPI: AC Adapter [AC] (on-line)
[   29.456196] input: Power Button as /devices/LNXSYSTM:00/LNXPWRBN:00/input/input0
[   29.467428] ACPI: Power Button [PWRF]
[   29.468786] input: Sleep Button as /devices/LNXSYSTM:00/LNXSLPBN:00/input/input1
[   29.481255] ACPI: Sleep Button [SLPF]
[   29.485673] GHES: HEST is not enabled!
[   29.492303] Serial: 8250/16550 driver, 32 ports, IRQ sharing enabled
[   29.550069] 00:02: ttyS0 at I/O 0x3f8 (irq = 4, base_baud = 115200) is a 16550A
[   29.557194] Linux agpgart interface v0.103
[   29.579920] loop: module loaded
[   29.583212] scsi host0: ata_piix
[   29.635306] scsi host1: ata_piix
[   29.650413] ata1: PATA max UDMA/33 cmd 0x1f0 ctl 0x3f6 bmdma 0xd000 irq 14
[   29.655833] ata2: PATA max UDMA/33 cmd 0x170 ctl 0x376 bmdma 0xd008 irq 15
[   29.736679] libphy: Fixed MDIO Bus: probed
[   29.740871] tun: Universal TUN/TAP device driver, 1.6
[   29.785710] tun: (C) 1999-2004 Max Krasnyansky <maxk@qualcomm.com>
[   30.004385] tsc: Refined TSC clocksource calibration: 3192.410 MHz
[   30.078828] clocksource: tsc: mask: 0xffffffffffffffff max_cycles: 0x2e04485006c, max_idle_ns: 440795363441 ns
[   30.199732] PPP generic driver version 2.4.2
[   30.225941] ehci_hcd: USB 2.0 'Enhanced' Host Controller (EHCI) Driver
[   30.311026] ehci-pci: EHCI PCI platform driver
[   30.312611] ehci-platform: EHCI generic platform driver
[   30.322577] ohci_hcd: USB 1.1 'Open' Host Controller (OHCI) Driver
[   30.329592] ohci-pci: OHCI PCI platform driver
[   30.333034] ohci-platform: OHCI generic platform driver
[   30.335916] uhci_hcd: USB Universal Host Controller Interface driver
[   30.345927] i8042: PNP: PS/2 Controller [PNP0303:PS2K,PNP0f03:PS2M] at 0x60,0x64 irq 1,12
[   30.362904] serio: i8042 KBD port at 0x60,0x64 irq 1
[   30.367100] serio: i8042 AUX port at 0x60,0x64 irq 12
[   30.371046] mousedev: PS/2 mouse device common for all mice
[   30.404325] input: AT Translated Set 2 keyboard as /devices/platform/i8042/serio0/input/input2
[   30.412332] rtc_cmos rtc_cmos: rtc core: registered rtc_cmos as rtc0
[   30.420838] rtc_cmos rtc_cmos: alarms up to one day, 114 bytes nvram
[   30.421802] i2c /dev entries driver
[   30.422485] device-mapper: uevent: version 1.0.3
[   30.429519] device-mapper: ioctl: 4.34.0-ioctl (2015-10-28) initialised: dm-devel@redhat.com
[   30.436634] ledtrig-cpu: registered to indicate activity on CPUs
[   30.448250] NET: Registered protocol family 10
[   30.452860] NET: Registered protocol family 17
[   30.456013] Key type dns_resolver registered
[   30.456907] microcode: CPU0 sig=0x306c3, pf=0x40, revision=0x0
[   30.457796] microcode: CPU1 sig=0x306c3, pf=0x40, revision=0x0
[   30.458781] microcode: Microcode Update Driver: v2.01 <tigran@aivazian.fsnet.co.uk>, Peter Oruba
[   30.460435] registered taskstats version 1
[   30.474047] Loading compiled-in X.509 certificates
[   30.523652] Loaded X.509 cert 'Build time autogenerated kernel key: d1010f9627fd9242df4b03365d2931dfd1ad3d42'
[   30.564972] zswap: loaded using pool lzo/zbud
[   30.633563] Key type trusted registered
[   30.669234] Key type encrypted registered
[   30.727230] AppArmor: AppArmor sha1 policy hashing enabled
[   30.747448] ima: No TPM chip found, activating TPM-bypass!
[   30.758163] evm: HMAC attrs: 0x1
[   30.762173]   Magic number: 13:420:117
[   30.830005] rtc_cmos rtc_cmos: setting system clock to 2017-12-21 07:07:49 UTC (1513840069)
[   30.837015] BIOS EDD facility v0.16 2004-Jun-25, 0 devices found
[   30.837961] EDD information not available.
[   30.848461] Freeing unused kernel memory: 1492K
[   30.852035] Write protecting the kernel read-only data: 14336k
[   30.856201] Freeing unused kernel memory: 1748K
[   30.857201] Freeing unused kernel memory: 112K
Loading, please wait...
starting version[   30.870285] random: systemd-udevd: uninitialized urandom read (16 bytes read, 3 bits of entropy available)
 229
[   30.870900] random: udevadm: uninitialized urandom read (16 bytes read, 3 bits of entropy available)
[   30.870917] random: udevadm: uninitialized urandom read (16 bytes read, 3 bits of entropy available)
[   30.876488] random: udevadm: uninitialized urandom read (16 bytes read, 3 bits of entropy available)
[   30.876517] random: udevadm: uninitialized urandom read (16 bytes read, 3 bits of entropy available)
[   30.876609] random: udevadm: uninitialized urandom read (16 bytes read, 3 bits of entropy available)
[   30.876643] random: udevadm: uninitialized urandom read (16 bytes read, 3 bits of entropy available)
[   30.876674] random: udevadm: uninitialized urandom read (16 bytes read, 3 bits of entropy available)
[   30.876705] random: udevadm: uninitialized urandom read (16 bytes read, 3 bits of entropy available)
[   30.876735] random: udevadm: uninitialized urandom read (16 bytes read, 3 bits of entropy available)
[   31.057109] e1000: Intel(R) PRO/1000 Network Driver - version 7.3.21-k8-NAPI
[   31.174637] e1000: Copyright (c) 1999-2006 Intel Corporation.
[   31.187527] Fusion MPT base driver 3.04.20
[   31.188238] Copyright (c) 1999-2008 LSI Corporation
[   31.249971] Fusion MPT SPI Host driver 3.04.20
[   31.365085] AVX version of gcm_enc/dec engaged.
[   31.376182] AES CTR mode by8 optimization enabled
[   31.566153] input: ImExPS/2 Generic Explorer Mouse as /devices/platform/i8042/serio1/input/input4
[   31.984637] e1000 0000:00:03.0 eth0: (PCI:33MHz:32-bit) 02:30:15:13:4f:ec
[   32.220565] e1000 0000:00:03.0 eth0: Intel(R) PRO/1000 Network Connection
[   32.866592] e1000 0000:00:08.0 eth1: (PCI:33MHz:32-bit) 08:00:27:d8:34:98
[   32.885513] e1000 0000:00:08.0 eth1: Intel(R) PRO/1000 Network Connection
[   32.887459] mptbase: ioc0: Initiating bringup
[   32.887829] e1000 0000:00:08.0 enp0s8: renamed from eth1
[   32.915928] e1000 0000:00:03.0 enp0s3: renamed from eth0
[   32.983275] ioc0: LSI53C1030 A0: Capabilities={Initiator}
[   33.164623] scsi host2: ioc0: LSI53C1030 A0, FwRev=00000000h, Ports=1, MaxQ=256, IRQ=20
[   33.294272] scsi 2:0:0:0: Direct-Access     VBOX     HARDDISK         1.0  PQ: 0 ANSI: 5
[   33.327115] scsi target2:0:0: Beginning Domain Validation
[   33.340168] scsi target2:0:0: Domain Validation skipping write tests
[   33.401485] scsi target2:0:0: Ending Domain Validation
[   33.402803] scsi target2:0:0: asynchronous
[   33.410938] scsi 2:0:1:0: Direct-Access     VBOX     HARDDISK         1.0  PQ: 0 ANSI: 5
[   33.422607] scsi target2:0:1: Beginning Domain Validation
[   33.426138] scsi target2:0:1: Domain Validation skipping write tests
[   33.431382] scsi target2:0:1: Ending Domain Validation
[   33.436943] scsi target2:0:1: asynchronous
[   33.502212] sd 2:0:0:0: Attached scsi generic sg0 type 0
[   33.514963] sd 2:0:0:0: [sda] 20971520 512-byte logical blocks: (10.7 GB/10.0 GiB)
[   33.515139] sd 2:0:1:0: Attached scsi generic sg1 type 0
[   33.536595] sd 2:0:1:0: [sdb] 20480 512-byte logical blocks: (10.5 MB/10.0 MiB)
[   33.536653] sd 2:0:0:0: [sda] Write Protect is off
[   33.536718] sd 2:0:0:0: [sda] Incomplete mode parameter data
[   33.536719] sd 2:0:0:0: [sda] Assuming drive cache: write through
[   33.562940] sd 2:0:1:0: [sdb] Write Protect is off
[   33.569346] sd 2:0:1:0: [sdb] Incomplete mode parameter data
[   33.572420]  sda: sda1
[   33.573864] sd 2:0:0:0: [sda] Attached SCSI disk
[   33.615145] sd 2:0:1:0: [sdb] Assuming drive cache: write through
[   33.632768] sd 2:0:1:0: [sdb] Attached SCSI disk
[   34.386671] floppy0: no floppy controllers found
Begin: Loading e[   35.718399] md: linear personality registered for level -1
ssential drivers[   35.750576] md: multipath personality registered for level -4
 ... [   35.769660] md: raid0 personality registered for level 0
[   35.846766] md: raid1 personality registered for level 1
[   36.137059] raid6: sse2x1   gen()  7756 MB/s
[   36.241664] raid6: sse2x1   xor()  4268 MB/s
[   36.345787] raid6: sse2x2   gen()  4812 MB/s
[   36.450354] raid6: sse2x2   xor()  5919 MB/s
[   36.553864] raid6: sse2x4   gen()  9517 MB/s
[   36.763222] raid6: sse2x4   xor()  3140 MB/s
[   36.774277] raid6: using algorithm sse2x4 gen() 9517 MB/s
[   36.781929] raid6: .... xor() 3140 MB/s, rmw enabled
[   36.791856] raid6: using ssse3x2 recovery algorithm
[   36.799712] xor: automatically using best checksumming function:
[   36.866783]    avx       : 19202.000 MB/sec
[   36.884217] async_tx: api initialized (async)
[   36.896074] md: raid6 personality registered for level 6
[   36.930262] md: raid5 personality registered for level 5
[   37.081128] md: raid4 personality registered for level 4
[   37.104600] md: raid10 personality registered for level 10
done.
Begin: Running /scripts/init-premount ... done.
Begin: Mounting root file system ... Begin: Running /scripts/local-top ... don[   37.202575] Btrfs loaded
e.
Begin: Running /scripts/local-premount ... Scanning for Btrfs filesystems
done.
Warning: fsck not present, so skipping root file system
[   37.313020] EXT4-fs (sda1): mounted filesystem with ordered data mode. Opts: (null)
done.
Begin: Running /scripts/local-bottom ... done.
Begin: Running /scripts/init-bottom ... done.
[   37.744859] systemd[1]: systemd 229 running in system mode. (+PAM +AUDIT +SELINUX +IMA +APPARMOR +SMACK +SYSVINIT +UTMP +LIBCRYPTSETUP +GCRYPT +GNUTLS +ACL +XZ -LZ4 +SECCOMP +BLKID +ELFUTILS +KMOD -IDN)
[   37.877248] systemd[1]: Detected virtualization oracle.
[   37.885082] systemd[1]: Detected architecture x86-64.

Welcome to [1mUbuntu 16.04.3 LTS[0m!

[   38.024747] systemd[1]: Set hostname to <ubuntu>.
[   38.096777] systemd[1]: Initializing machine ID from random generator.
[   38.106059] systemd[1]: Installed transient /etc/machine-id file.
[   38.448717] random: nonblocking pool is initialized
[   38.946928] systemd[1]: Started Trigger resolvconf update for networkd DNS.
[[0;32m  OK  [0m] Started Trigger resolvconf update for networkd DNS.
[   38.986993] systemd[1]: Started Forward Password Requests to Wall Directory Watch.
[[0;32m  OK  [0m] Started Forward Password Requests to Wall Directory Watch.
[   39.038940] systemd[1]: Reached target Swap.
[[0;32m  OK  [0m] Reached target Swap.
[   39.063005] systemd[1]: Listening on Device-mapper event daemon FIFOs.
[[0;32m  OK  [0m] Listening on Device-mapper event daemon FIFOs.
[   39.083275] systemd[1]: Created slice System Slice.
[[0;32m  OK  [0m] Created slice System Slice.
[   39.090343] systemd[1]: Listening on /dev/initctl Compatibility Named Pipe.
[[0;32m  OK  [0m] Listening on /dev/initctl Compatibility Named Pipe.
[   39.092379] systemd[1]: Listening on Journal Socket.
[[0;32m  OK  [0m] Listening on Journal Socket.
[   39.099640] systemd[1]: Listening on udev Control Socket.
[[0;32m  OK  [0m] Listening on udev Control Socket.
[   39.143067] systemd[1]: Starting Load Kernel Modules...
         Startin[   39.276401] Loading iSCSI transport class v2.0-870.
g Load Kernel Modules...
[   39.406741] systemd[1]: Mounting Huge Pages File System...
         Mounting Huge Pa[   39.433065] iscsi: registered transport (tcp)
ges File System...
[   39.526746] systemd[1]: Starting Remount Root and Kernel File Systems...
         Starting Remount Root and Kernel File Systems...
[   39.586475] systemd[1]: Listening on udev Kernel Socket.
[[0;32m  OK  [0m] Listening on udev Kernel Socket.
[   39.615156] systemd[1]: Starting Uncomplicated firewall...
         [   39.640244] EXT4-fs (sda1): re-mounted. Opts: (null)
Starting Uncomplicated firewall...
[   39.650418] systemd[1]: Set up automount Arbitrary Executable File Formats File System Automount Point.
[   39.660540] iscsi: registered transport (iser)
[[0;32m  OK  [0m] Set up automount Arbitrary Executab...ats File System Automount Point.
[   39.714650] systemd[1]: Starting Nameserver information manager...
         Starting Nameserver information manager...
[   39.743404] systemd[1]: Listening on Journal Audit Socket.
[[0;32m  OK  [0m] Listening on Journal Audit Socket.
[   39.760039] systemd[1]: Listening on LVM2 poll daemon socket.
[[0;32m  OK  [0m] Listening on LVM2 poll daemon socket.
[   39.767070] systemd[1]: Listening on LVM2 metadata daemon socket.
[[0;32m  OK  [0m] Listening on LVM2 metadata daemon socket.
[   39.810750] systemd[1]: Starting Monitoring of LVM2 mirrors, snapshots etc. using dmeventd or progress polling...
         Starting Monitoring of LVM2 mirrors... dmeventd or progress polling...
[   39.950965] systemd[1]: Created slice system-serial\x2dgetty.slice.
[[0;32m  OK  [0m] Created slice system-serial\x2dgetty.slice.
[   40.042634] systemd[1]: Mounting POSIX Message Queue File System...
         Mounting POSIX Message Queue File System...
[   40.078705] systemd[1]: Listening on Syslog Socket.
[[0;32m  OK  [0m] Listening on Syslog Socket.
[   40.090717] systemd[1]: Reached target User and Group Name Lookups.
[[0;32m  OK  [0m] Reached target User and Group Name Lookups.
[   40.096710] systemd[1]: Listening on Journal Socket (/dev/log).
[[0;32m  OK  [0m] Listening on Journal Socket (/dev/log).
[   40.123110] systemd[1]: Starting Journal Service...
         Starting Journal Service...
[   40.139255] systemd[1]: Mounting Debug File System...
         Mounting Debug File System...
[   40.141276] systemd[1]: Starting Set console keymap...
         Starting Set console keymap...
[   40.148532] systemd[1]: Created slice User and Session Slice.
[[0;32m  OK  [0m] Created slice User and Session Slice.
[   40.159846] systemd[1]: Reached target Encrypted Volumes.
[[0;32m  OK  [0m] Reached target Encrypted Volumes.
[   40.202956] systemd[1]: Reached target Slices.
[[0;32m  OK  [0m] Reached target Slices.
[   40.322728] systemd[1]: Starting Create list of required static device nodes for the current kernel...
         Starting Create list of required st... nodes for the current kernel...
[   40.359312] systemd[1]: Mounted POSIX Message Queue File System.
[[0;32m  OK  [0m] Mounted POSIX Message Queue File System.
[   40.407157] systemd[1]: Mounted Debug File System.
[[0;32m  OK  [0m] Mounted Debug File System.
[   40.463291] systemd[1]: Mounted Huge Pages File System.
[[0;32m  OK  [0m] Mounted Huge Pages File System.
[   40.523023] systemd[1]: Started Journal Service.
[[0;32m  OK  [0m] Started Journal Service.
[[0;32m  OK  [0m] Started Load Kernel Modules.
[[0;32m  OK  [0m] Started Remount Root and Kernel File Systems.
[[0;32m  OK  [0m] Started Uncomplicated firewall.
[[0;32m  OK  [0m] Started Set console keymap.
[[0;32m  OK  [0m] Started Create list of required sta...ce nodes for the current kernel.
[[0;32m  OK  [0m] Started Nameserver information manager.
[[0;32m  OK  [0m] Started LVM2 metadata daemon.
         Starting Create Static Device Nodes in /dev...
         Starting Load/Save Random Seed...
         Starting Initial cloud-init job (pre-networking)...
         Starting udev Coldplug all Devices...
         Starting Apply Kernel Variables...
         Mounting FUSE Control File System...
         Starting Flush Journal to Persistent Storage...
[[0;32m  OK  [0m] Mounted FUSE Control File System.
[[0;32m  OK  [0m] Started Monitoring of LVM2 mirrors,...ng dmeventd or progress polling.
[[0;32m  OK  [0m] Started Create Static Device Nodes in /dev.
[[0;32m  OK  [0m] Started Load/Save Random Seed.
[[0;32m  OK  [0m] Started Apply Kernel Variables.
[[0;32m  OK  [0m] Started udev Coldplug all Devices.
         Starting udev Kernel Device Manager...
[[0;32m  OK  [0m] Started Flush Journal to Persistent Storage.
[[0;32m  OK  [0m] Started udev Kernel Device Manager.
[[0;32m  OK  [0m] Reached target Local File Systems (Pre).
[[0;32m  OK  [0m] Reached target Local File Systems.
         Starting LSB: AppArmor initialization...
         Starting Tell Plymouth To Write Out Runtime Data...
         Starting Commit a transient machine-id on disk...
         Starting Set console font and keymap...
         Starting Create Volatile Files and Directories...
[[0;32m  OK  [0m] Started Dispatch Password Requests to Console Directory Watch.
[[0;32m  OK  [0m] Started Tell Plymouth To Write Out Runtime Data.
[[0;32m  OK  [0m] Found device /dev/ttyS0.
[[0;32m  OK  [0m] Started Commit a transient machine-id on disk.
[[0;32m  OK  [0m] Started Create Volatile Files and Directories.
[[0;32m  OK  [0m] Reached target System Time Synchronized.
         Starting Update UTMP about System Boot/Shutdown...
[[0;32m  OK  [0m] Listening on Load/Save RF Kill Switch Status /dev/rfkill Watch.
[[0;32m  OK  [0m] Started Update UTMP about System Boot/Shutdown.
[[0;32m  OK  [0m] Started Set console font and keymap.
[[0;32m  OK  [0m] Created slice system-getty.slice.
[[0;32m  OK  [0m] Started LSB: AppArmor initialization.
[   21.884831] cloud-init[444]: Cloud-init v. 0.7.9 running 'init-local' at Thu, 21 Dec 2017 07:08:04 +0000. Up 21.38 seconds.
[[0;32m  OK  [0m] Started Initial cloud-init job (pre-networking).
[[0;32m  OK  [0m] Reached target Network (Pre).
         Starting Raise network interfaces...
[[0;32m  OK  [0m] Started Raise network interfaces.
         Starting Initial cloud-init job (metadata service crawler)...
[[0;32m  OK  [0m] Reached target Network.
[   25.040772] cloud-init[939]: Cloud-init v. 0.7.9 running 'init' at Thu, 21 Dec 2017 07:08:05 +0000. Up 22.86 seconds.
[[0;32m  OK  [0m] Started Initial cloud-init job (metadata service crawler).
[[0;32m  OK  [0m] Reached target System Initialization.
[[0;32m  OK  [0m] Started Daily Cleanup of Temporary Directories.
[   25.130606] cloud-init[939]: ci-info: ++++++++++++++++++++++++++++++++++++++Net device info++++++++++++++++++++++++++++++++++++++
[   25.191315] cloud-init[939]: ci-info: +--------+-------+----------------------------+---------------+-------+-------------------+
[   25.209028] cloud-init[939]: ci-info: | Device |   Up  |          Address           |      Mask     | Scope |     Hw-Address    |
[[0;32m  OK  [0m] Started ACPI Events Check.
[[0;32m  OK  [0m] Reached target Paths.
[[0;32m  OK  [0m] Listening on UUID daemon activation socket.
[   25.223459] cloud-init[939]: ci-info: +--------+-------+----------------------------+---------------+-------+-------------------+
[   25.242788] cloud-init[939]: ci-info: | enp0s8 | False |             .              |       .       |   .   | 08:00:27:d8:34:98 |
[   25.275564] cloud-init[[0;32m  OK  [0m] Started Timer to automatically fetch and run repair assertions.
         Starting Socket activation for snappy daemon.
[939]: ci-info: | enp0s3 |  True |         10.0.2.15          | 255.255.255.0 |   .   | 02:30:15:13:4f:ec |
[   25.408330] cloud-init[939]: ci-info: | enp0s3 |  True | fe80::30:15ff:fe13:4fec/64 |       .       |  link | 02:30:15:13:4f:ec |
[   25.464018]          Starting LXD - unix socket.
[[0;32m  OK  [0m] Started Timer to automatically refresh installed snaps.
[[0;32m  OK  [0m] Listening on ACPID Listen Socket.
cloud-init[939]: ci-info: |   lo   |  True |         127.0.0.1          |   255.0.0.0   |   .   |         .         |
[   25.504638] [cloud-init[0;32m  OK  [0m[939]: ] ci-info: |   lo   |  True |          ::1/128           |       .       |  host |         .         |Listening on D-Bus System Message Bus Socket.

[   25.532433] [cloud-init[0;32m  OK  [0m[939]: ] ci-info: +--------+-------+----------------------------+---------------+-------+-------------------+Reached target Network is Online.

[   25.532843] [[0;32m  OK  [0m] Started Daily apt download activities.
cloud-init[939]: ci-info: +++++++++++++++++++++++++++Route IPv4 info++++++++++++++++++++++++++++
[   25.577682] [cloud-init[0;32m  OK  [0m[939]: ] ci-info: +-------+-------------+----------+---------------+-----------+-------+Started Daily apt upgrade and clean activities.

[   25.578091] cloud-init[939]: ci-info: | Route | Destination | Gateway  |    Genmask    | Interface | Flags |
[   25.633107] [cloud-init[0;32m  OK  [0m[939]: ] ci-info: +-------+-------------+----------+---------------+-----------+-------+Reached target Timers.

[   25.660530]          cloud-initStarting iSCSI initiator daemon (iscsid)...[939]: 
ci-info: |   0   |   0.0.0.0   | 10.0.2.2 |    0.0.0.0    |   enp0s3  |   UG  |
[   25.712576] [[0;32m  OK  [0m] Reached target Cloud-config availability.
cloud-init[939]: ci-info: |   1   |   10.0.2.0  | 0.0.0.0  | 255.255.255.0 |   enp0s3  |   U   |
[   25.742162] [cloud-init[0;32m  OK  [0m[939]: ] ci-info: +-------+-------------+----------+---------------+-----------+-------+Listening on Socket activation for snappy daemon.

[   25.742587] [cloud-init[0;32m  OK  [0m[939]: ] Generating public/private rsa key pair.Listening on LXD - unix socket.

[   25.793752] cloud-init[939]: Your identification has been saved in /etc/ssh/ssh_host_rsa_key.
[   25.804522] cloud-init[939]: Your public key has been saved in /etc/ssh/ssh_host_rsa_key.pub.
[   25.810625] cloud-init[[0;32m  OK  [0m] Reached target Sockets.
[[0;32m  OK  [0m] Reached target Basic System.
[939]: The key fingerprint is:
[   25.826143] cloud-init[939]: SHA256:eddP7F6Dx7mfclDqdUyZaLT0hy4NLfcpWcFi1Eo7S9g root@ubuntu-xenial
[   25.848614] [cloud-init[0;32m  OK  [0m[939]: ] The key's randomart image is:Started ACPI event daemon.

[   25.849024] [cloud-init[0;32m  OK  [0m[939]: ] +---[RSA 2048]----+Started Unattended Upgrades Shutdown.

[   25.876144]          Starting LSB: Record successful boot for GRUB...
cloud-init         Starting /etc/rc.local Compatibility...
         Starting LSB: MD monitoring daemon...
         Starting Accounts Service...
[939]: |            ..o  |
[   25.898741] cloud-init[939]: |             * + |
[[0;32m  OK  [0m] Started Regular background program processing daemon.
[   25.899170] cloud-init[939]: |            B.B.+|
[[0;32m  OK  [0m] Started FUSE filesystem for LXC.
[   25.997187] cloud-init[939]: |         . .oE+Bo|
[   26.044633]          cloud-initStarting Pollinate to seed the pseudo random number generator...[939]: 
|        S . +*O+=|
[   26.045048] cloud-init[939]: |         . ..*=*=|
[   26.080655] cloud-init[939]: |            .o+==|
[   26.112439]          cloud-initStarting Login Service...[939]: 
|             o.o=|
[   26.135379] cloud-init[939]: |              oo+|
[   26.139024] cloud-init[939]: +----[SHA256]-----+
[   26.141350] cloud-init[939]: Generating public/private dsa key pair.
[   26.164494]          cloud-initStarting Snappy daemon...[939]: 
Your identification has been saved in /etc/ssh/ssh_host_dsa_key.
[   26.164910] cloud-init[939]: Your public key has been saved in /etc/ssh/ssh_host_dsa_key.pub.
[   26.296340] [cloud-init[0;32m  OK  [0m[939]: ] The key fingerprint is:Started Deferred execution scheduler.

[   26.316971]          cloud-initStarting LXD - container startup/shutdown...[939]: 
SHA256:HjGVvhML4qyNlJL7vvj0zG/IgAHte2+ynwEBnbB5f98 root@ubuntu-xenial
[   26.348994] [cloud-init[0;32m  OK  [0m[939]: ] The key's randomart image is:Started D-Bus System Message Bus.

[   26.407335] cloud-init[939]: +---[DSA 1024]----+
[   26.417603] cloud-init[939]: | .oo .    ..     |
[   26.424314] cloud-init[939]: |. .+o    ..      |
[   26.464305] cloud-init[939]: | oo o   o.       |
[   26.476382] cloud-init[939]: |  o. o. .oo      |
[   26.485099] cloud-init[939]: |   =.+..S. +     |
[   26.500592] cloud-init[939]: |  = =.oo o+.     |
[   26.536815] cloud-init[939]: |   =.B... ..E    |
[   26.556416] cloud-init[939]: |  .o++*o.        |
[   26.576427] cloud-init[939]: |  .+***o.        |
[   26.589986] cloud-init[939]: +----[SHA256]-----+
[   26.595256] cloud-init[939]: Generating public/private ecdsa key pair.
[   26.608515] cloud-init[939]: Your identification has been saved in /etc/ssh/ssh_host_ecdsa_key.
[   26.628509] cloud-init[939]: Your public key has been saved in /etc/ssh/ssh_host_ecdsa_key.pub.
[   26.638446] cloud-init[939]: The key fingerprint is:
[   26.654586] cloud-init[939]: SHA256:6B4cIAOgKdRjzCxLhG/UIx3R2HaA1OI/o8uwbQsIvUo root@ubuntu-xenial
[   26.668488] cloud-init[939]: The key's randomart image is:
[   26.688497] cloud-init[939]: +---[ECDSA 256]---+
[   26.700244] cloud-init[939]: |*o=++O..         |
[   26.701096] cloud-init[939]: |+=oBB = .        |
[   26.701910] cloud-init[939]: |=o*oo+ .         |
[   26.704976] cloud-init[939]: |.ooo.. .         |
[   26.705794] cloud-init[939]: |...  .o S        |
[   26.733286] cloud-init[939]: |.. . o+.         |
[   26.756261] cloud-init[939]: |.E+  .+o         |
[   26.784793] cloud-init[939]: |.. *o. .         |
[   26.816685] cloud-init[939]: |. ..=o.          |
[   26.832516] cloud-init[939]: +----[SHA256]-----+
[   26.838632] cloud-init[939]: Generating public/private ed25519 key pair.
[   26.872623] cloud-init[939]: Your identification has been saved in /etc/ssh/ssh_host_ed25519_key.
[   26.928286] cloud-init[939]: Your public key has been saved in /etc/ssh/ssh_host_ed25519_key.pub.
[   26.973196] cloud-init[939]: The key fingerprint is:
[   26.992429] cloud-init[939]: SHA256:fo6anzEOqeQlxQ8jqc0bVzMXbsWABMglw5KsMXi5gxo root@ubuntu-xenial
         Starting System Logging Service...
[   27.013704] cloud-init[939]: The key's randomart image is:
[   27.057965] cloud-init[939]: +--[ED25519 256]--+
[   27.076605]          cloud-initStarting Apply the settings specified in cloud-config...[939]: 
|.. =oooo...      |
[[0;32m  OK  [0m] Started iSCSI initiator daemon (iscsid).
[[0;32m  OK  [0m] Started /etc/rc.local Compatibility.
[   27.164184] cloud-init[939]: |+ * +o  .  o     |
[   27.197984] cloud-init[939]: | * o      . o    |
[   27.261209] cloud-init[939]: |E o  o   . o     |
[   27.269086] cloud-init[939]: |.. .o = S +      |
[[0;32m  OK  [0m] Started Login Service.
[   27.283756] cloud-init[939]: |.  + o B =       |
         Starting Login to default iSCSI targets...
[   27.303899] cloud-init[939]: |  . * = = .      |
[   27.308256] cloud-init[939]: |   o B + B       |
[   27.376599] cloud-init[939]: |    + oo= .      |
[   27.380359] cloud-init[939]: +----[SHA256]-----+
         Starting Authenticate and Authorize Users to Run Privileged Tasks...
[[0;32m  OK  [0m] Started Snappy daemon.
[[0;32m  OK  [0m] Started LSB: Record successful boot for GRUB.
[[0;32m  OK  [0m] Started LSB: MD monitoring daemon.
         Starting Auto import assertions from block devices...
[[0;32m  OK  [0m] Started System Logging Service.
[[0;32m  OK  [0m] Started Auto import assertions from block devices.
[[0;32m  OK  [0m] Started Login to default iSCSI targets.
[[0;32m  OK  [0m] Reached target Remote File Systems (Pre).
[[0;32m  OK  [0m] Reached target Remote File Systems.
         Starting LSB: daemon to balance interrupts for SMP systems...
         Starting LSB: VirtualBox Linux Additions...
         Starting Permit User Sessions...
         Starting LSB: Set the CPU Frequency Scaling governor to "ondemand"...
         Starting LSB: automatic crash report generation...
[[0;32m  OK  [0m] Started Authenticate and Authorize Users to Run Privileged Tasks.
[[0;32m  OK  [0m] Started Accounts Service.
[[0;32m  OK  [0m] Started Permit User Sessions.
[[0;32m  OK  [0m] Started LSB: Set the CPU Frequency Scaling governor to "ondemand".
         Starting Hold until boot process finishes up...
         Starting Terminate Plymouth Boot Screen...
[[0;32m  OK  [0m] Started LSB: daemon to balance interrupts for SMP systems.
[[0;32m  OK  [0m] Started Hold until boot process finishes up.
[[0;32m  OK  [0m] Started Terminate Plymouth Boot Screen.
[[0;32m  OK  [0m] Started LSB: automatic crash report generation.
[[0;32m  OK  [0m] Started Serial Getty on ttyS0.
[   28.111334] cloud-init[1122]: Generating locales (this might take a while)...
         Starting Set console scheme...
[[0;32m  OK  [0m] Started Getty on tty1.
[[0;32m  OK  [0m] Reached target Login Prompts.
[[0;32m  OK  [0m] Started Set console scheme.
[[0;32m  OK  [0m] Started LSB: VirtualBox Linux Additions.
[[0;32m  OK  [0m] Started LXD - container startup/shutdown.
[[0;32m  OK  [0m] Started Pollinate to seed the pseudo random number generator.
         Starting OpenBSD Secure Shell server...
[[0;32m  OK  [0m] Started OpenBSD Secure Shell server.
[[0;32m  OK  [0m] Reached target Multi-User System.
[[0;32m  OK  [0m] Reached target Graphical Interface.
         Starting Update UTMP about System Runlevel Changes...
[[0;32m  OK  [0m] Started Update UTMP about System Runlevel Changes.
[   30.553734] cloud-init[1122]:   en_US.UTF-8... done
[   30.608478] cloud-init[1122]: Generation complete.
         Stopping OpenBSD Secure Shell server...
[[0;32m  OK  [0m] Stopped OpenBSD Secure Shell server.
         Starting OpenBSD Secure Shell server...
[[0;32m  OK  [0m] Started OpenBSD Secure Shell server.
[   31.715065] cloud-init[1122]: Cloud-init v. 0.7.9 running 'modules:config' at Thu, 21 Dec 2017 07:08:10 +0000. Up 27.62 seconds.
[[0;32m  OK  [0m] Started Apply the settings specified in cloud-config.
         Starting Execute cloud user/final scripts...
ci-info: no authorized ssh keys fingerprints found for user ubuntu.
<14>Dec 21 07:08:15 ec2: 
<14>Dec 21 07:08:15 ec2: #############################################################
<14>Dec 21 07:08:15 ec2: -----BEGIN SSH HOST KEY FINGERPRINTS-----
<14>Dec 21 07:08:15 ec2: 1024 SHA256:HjGVvhML4qyNlJL7vvj0zG/IgAHte2+ynwEBnbB5f98 root@ubuntu-xenial (DSA)
<14>Dec 21 07:08:15 ec2: 256 SHA256:6B4cIAOgKdRjzCxLhG/UIx3R2HaA1OI/o8uwbQsIvUo root@ubuntu-xenial (ECDSA)
<14>Dec 21 07:08:15 ec2: 256 SHA256:fo6anzEOqeQlxQ8jqc0bVzMXbsWABMglw5KsMXi5gxo root@ubuntu-xenial (ED25519)
<14>Dec 21 07:08:15 ec2: 2048 SHA256:eddP7F6Dx7mfclDqdUyZaLT0hy4NLfcpWcFi1Eo7S9g root@ubuntu-xenial (RSA)
<14>Dec 21 07:08:15 ec2: -----END SSH HOST KEY FINGERPRINTS-----
<14>Dec 21 07:08:15 ec2: #############################################################
-----BEGIN SSH HOST KEY KEYS-----
ecdsa-sha2-nistp256 AAAAE2VjZHNhLXNoYTItbmlzdHAyNTYAAAAIbmlzdHAyNTYAAABBBBYZehfqv0Xc/8sk4EYlsrZ7kLPX9kNtQDMhvFXx0eoc3iim2QK8UUzpdsBs2TNfcmzWmx3qbdOn+2phJBGwy3I= root@ubuntu-xenial
ssh-ed25519 AAAAC3NzaC1lZDI1NTE5AAAAIGbjW76a9Jl/OTYAaAObDSdbgh7/Gm77nJmdf/nDcixG root@ubuntu-xenial
ssh-rsa AAAAB3NzaC1yc2EAAAADAQABAAABAQDHOQJDzYSx1U8Z3v39HGejo6/QgJcB/pJyXC5wxKEJ7AsPNMPkNuKK97TtfCJMqLJt2fujt/UbC6bdDQ4zSRDu/raUwrt+oPbShqEgksd74TDbbG5xI3jhHzSrRtwrX4TFLm11nSpAWODJaKG0aUrH/2TnsTgwPZwAJ+55uaZXlDPVq3zDDHTAtgFk11aPqSLTneq74wZd+uJD06jlLkV74F/qVulIffxIX9g0WE03NU8QMl11Kx0gIPTWzaR23DBigTScRMunaJxQnu62bqIaMYXEMHkZLYQVKWa2rneJbnGjxW1XUWLRx3ZHrw6qoJM2DDuiT/NjK1bMuKFqRpKL root@ubuntu-xenial
-----END SSH HOST KEY KEYS-----
[   33.067324] cloud-init[1313]: Cloud-init v. 0.7.9 running 'modules:final' at Thu, 21 Dec 2017 07:08:15 +0000. Up 32.35 seconds.
[   33.150976] [1313]: ci-info: no authorized ssh keys fingerprints found for user ubuntu.
[   33.176510] cloud-init[1313]: Cloud-init v. 0.7.9 finished at Thu, 21 Dec 2017 07:08:16 +0000. Datasource DataSourceNoCloud [seed=/dev/sdb][dsmode=net].  Up 33.06 seconds

Ubuntu 16.04.3 LTS ubuntu-xenial ttyS0

ubuntu-xenial login: 